\BOOKMARK [0][-]{chapter.1}{\376\377\000I\000n\000t\000r\000o\000d\000u\000c\000t\000i\000o\000n}{}% 1
\BOOKMARK [0][-]{chapter.2}{\376\377\000S\000y\000s\000t\000e\000m\000\040\000R\000e\000q\000u\000i\000r\000e\000m\000e\000n\000t\000s\000\040\000a\000n\000d\000\040\000D\000e\000c\000o\000m\000p\000o\000s\000i\000t\000i\000o\000n}{}% 2
\BOOKMARK [1][-]{section.2.1}{\376\377\000F\000u\000n\000c\000t\000i\000o\000n\000a\000l\000\040\000a\000n\000d\000\040\000N\000o\000n\000-\000F\000u\000n\000c\000t\000i\000o\000n\000a\000l\000\040\000R\000e\000q\000u\000i\000r\000e\000m\000e\000n\000t\000s}{chapter.2}% 3
\BOOKMARK [1][-]{section.2.2}{\376\377\000S\000y\000s\000t\000e\000m\000\040\000D\000e\000c\000o\000m\000p\000o\000s\000i\000t\000i\000o\000n}{chapter.2}% 4
\BOOKMARK [1][-]{section.2.3}{\376\377\000U\000s\000e\000\040\000C\000a\000s\000e\000\040\000A\000n\000a\000l\000y\000s\000i\000s}{chapter.2}% 5
\BOOKMARK [1][-]{section.2.4}{\376\377\000J\000u\000s\000t\000i\000f\000i\000c\000a\000t\000i\000o\000n\000\040\000f\000o\000r\000\040\000R\000e\000l\000i\000a\000b\000i\000l\000i\000t\000y\000\040\000a\000n\000d\000\040\000P\000e\000r\000f\000o\000r\000m\000a\000n\000c\000e}{chapter.2}% 6
\BOOKMARK [0][-]{chapter.3}{\376\377\000U\000M\000L\000\040\000S\000t\000r\000u\000c\000t\000u\000r\000a\000l\000\040\000a\000n\000d\000\040\000B\000e\000h\000a\000v\000i\000o\000u\000r\000a\000l\000\040\000M\000o\000d\000e\000l\000l\000i\000n\000g}{}% 7
\BOOKMARK [1][-]{section.3.1}{\376\377\000S\000t\000r\000u\000c\000t\000u\000r\000a\000l\000\040\000M\000o\000d\000e\000l\000l\000i\000n\000g\000\040\000a\000n\000d\000\040\000A\000r\000c\000h\000i\000t\000e\000c\000t\000u\000r\000a\000l\000\040\000J\000u\000s\000t\000i\000f\000i\000c\000a\000t\000i\000o\000n}{chapter.3}% 8
\BOOKMARK [1][-]{section.3.2}{\376\377\000F\000o\000r\000m\000a\000l\000\040\000S\000p\000e\000c\000i\000f\000i\000c\000a\000t\000i\000o\000n\000\040\000w\000i\000t\000h\000\040\000O\000b\000j\000e\000c\000t\000\040\000C\000o\000n\000s\000t\000r\000a\000i\000n\000t\000\040\000L\000a\000n\000g\000u\000a\000g\000e\000\040\000\050\000O\000C\000L\000\051}{chapter.3}% 9
\BOOKMARK [2][-]{subsection.3.2.1}{\376\377\000S\000y\000s\000t\000e\000m\000\040\000I\000n\000v\000a\000r\000i\000a\000n\000t\000s}{section.3.2}% 10
\BOOKMARK [2][-]{subsection.3.2.2}{\376\377\000O\000p\000e\000r\000a\000t\000i\000o\000n\000a\000l\000\040\000C\000o\000n\000t\000r\000a\000c\000t\000s\000\040\000\050\000P\000r\000e\000/\000P\000o\000s\000t\000-\000c\000o\000n\000d\000i\000t\000i\000o\000n\000s\000\051}{section.3.2}% 11
\BOOKMARK [1][-]{section.3.3}{\376\377\000B\000e\000h\000a\000v\000i\000o\000u\000r\000a\000l\000\040\000A\000n\000a\000l\000y\000s\000i\000s\000:\000\040\000C\000o\000n\000t\000r\000o\000l\000\040\000L\000o\000o\000p\000\040\000a\000n\000d\000\040\000C\000o\000n\000c\000u\000r\000r\000e\000n\000c\000y}{chapter.3}% 12
\BOOKMARK [0][-]{chapter.4}{\376\377\000F\000o\000r\000m\000a\000l\000\040\000S\000p\000e\000c\000i\000f\000i\000c\000a\000t\000i\000o\000n\000\040\000a\000n\000d\000\040\000D\000e\000s\000i\000g\000n\000\040\000b\000y\000\040\000C\000o\000n\000t\000r\000a\000c\000t\000\040\000\050\000D\000b\000C\000\051}{}% 13
\BOOKMARK [1][-]{section.4.1}{\376\377\000P\000r\000i\000n\000c\000i\000p\000l\000e\000s\000\040\000o\000f\000\040\000D\000e\000s\000i\000g\000n\000\040\000b\000y\000\040\000C\000o\000n\000t\000r\000a\000c\000t\000\040\000\050\000D\000b\000C\000\051\000\040\000i\000n\000\040\000H\000i\000g\000h\000-\000I\000n\000t\000e\000g\000r\000i\000t\000y\000\040\000S\000y\000s\000t\000e\000m\000s}{chapter.4}% 14
\BOOKMARK [1][-]{section.4.2}{\376\377\000F\000o\000r\000m\000a\000l\000\040\000S\000p\000e\000c\000i\000f\000i\000c\000a\000t\000i\000o\000n\000\040\000a\000n\000d\000\040\000I\000m\000p\000l\000e\000m\000e\000n\000t\000a\000t\000i\000o\000n}{chapter.4}% 15
\BOOKMARK [2][-]{subsection.4.2.1}{\376\377\000C\000o\000r\000e\000\040\000I\000n\000v\000a\000r\000i\000a\000n\000t\000s\000\040\000a\000n\000d\000\040\000S\000a\000f\000e\000t\000y\000\040\000B\000o\000u\000n\000d\000s}{section.4.2}% 16
\BOOKMARK [2][-]{subsection.4.2.2}{\376\377\000C\000o\000n\000t\000r\000a\000c\000t\000-\000B\000a\000s\000e\000d\000\040\000M\000e\000t\000h\000o\000d\000\040\000S\000p\000e\000c\000i\000f\000i\000c\000a\000t\000i\000o\000n\000s}{section.4.2}% 17
\BOOKMARK [1][-]{section.4.3}{\376\377\000S\000u\000p\000p\000o\000r\000t\000i\000n\000g\000\040\000V\000e\000r\000i\000f\000i\000c\000a\000t\000i\000o\000n\000\040\000a\000n\000d\000\040\000T\000e\000s\000t\000i\000n\000g}{chapter.4}% 18
\BOOKMARK [1][-]{section.4.4}{\376\377\000P\000r\000e\000v\000e\000n\000t\000i\000o\000n\000\040\000o\000f\000\040\000S\000o\000f\000t\000w\000a\000r\000e\000\040\000F\000a\000u\000l\000t\000s}{chapter.4}% 19
\BOOKMARK [0][-]{chapter.5}{\376\377\000C\000o\000n\000c\000u\000r\000r\000e\000n\000c\000y\000\040\000a\000n\000d\000\040\000R\000e\000a\000l\000-\000T\000i\000m\000e\000\040\000B\000e\000h\000a\000v\000i\000o\000u\000r}{}% 20
\BOOKMARK [1][-]{section.5.1}{\376\377\000M\000o\000d\000e\000l\000l\000i\000n\000g\000\040\000C\000o\000n\000c\000u\000r\000r\000e\000n\000t\000\040\000C\000o\000m\000p\000o\000n\000e\000n\000t\000s\000\040\000a\000n\000d\000\040\000R\000e\000s\000o\000u\000r\000c\000e\000\040\000C\000o\000m\000p\000e\000t\000i\000t\000i\000o\000n}{chapter.5}% 21
\BOOKMARK [1][-]{section.5.2}{\376\377\000S\000y\000n\000c\000h\000r\000o\000n\000i\000s\000a\000t\000i\000o\000n\000\040\000a\000n\000d\000\040\000S\000t\000a\000t\000e\000\040\000M\000a\000n\000a\000g\000e\000m\000e\000n\000t}{chapter.5}% 22
\BOOKMARK [1][-]{section.5.3}{\376\377\000I\000d\000e\000n\000t\000i\000f\000i\000c\000a\000t\000i\000o\000n\000\040\000o\000f\000\040\000C\000o\000n\000c\000u\000r\000r\000e\000n\000c\000y\000\040\000I\000s\000s\000u\000e\000s\000\040\000a\000n\000d\000\040\000T\000e\000c\000h\000n\000i\000c\000a\000l\000\040\000S\000o\000l\000u\000t\000i\000o\000n\000s}{chapter.5}% 23
\BOOKMARK [2][-]{subsection.5.3.1}{\376\377\000R\000a\000c\000e\000\040\000C\000o\000n\000d\000i\000t\000i\000o\000n\000s\000\040\000a\000n\000d\000\040\000A\000t\000o\000m\000i\000c\000i\000t\000y}{section.5.3}% 24
\BOOKMARK [2][-]{subsection.5.3.2}{\376\377\000N\000o\000n\000-\000D\000e\000t\000e\000r\000m\000i\000n\000i\000s\000m\000\040\000a\000n\000d\000\040\000C\000P\000U\000\040\000O\000v\000e\000r\000l\000o\000a\000d}{section.5.3}% 25
\BOOKMARK [2][-]{subsection.5.3.3}{\376\377\000D\000a\000t\000a\000\040\000V\000i\000s\000i\000b\000i\000l\000i\000t\000y\000\040\000a\000n\000d\000\040\000V\000o\000l\000a\000t\000i\000l\000e\000\040\000M\000e\000m\000o\000r\000y}{section.5.3}% 26
\BOOKMARK [1][-]{section.5.4}{\376\377\000R\000e\000a\000l\000-\000T\000i\000m\000e\000\040\000S\000c\000h\000e\000d\000u\000l\000i\000n\000g\000\040\000a\000n\000d\000\040\000T\000h\000r\000e\000a\000d\000\040\000M\000a\000n\000a\000g\000e\000m\000e\000n\000t}{chapter.5}% 27
\BOOKMARK [2][-]{subsection.5.4.1}{\376\377\000T\000h\000r\000e\000a\000d\000\040\000L\000i\000f\000e\000c\000y\000c\000l\000e\000\040\000a\000n\000d\000\040\000P\000e\000r\000i\000o\000d\000i\000c\000\040\000E\000x\000e\000c\000u\000t\000i\000o\000n}{section.5.4}% 28
\BOOKMARK [2][-]{subsection.5.4.2}{\376\377\000T\000h\000r\000e\000a\000d\000\040\000S\000a\000f\000e\000t\000y\000\040\000I\000m\000p\000l\000e\000m\000e\000n\000t\000a\000t\000i\000o\000n}{section.5.4}% 29
\BOOKMARK [0][-]{chapter.6}{\376\377\000C\000o\000n\000c\000l\000u\000s\000i\000o\000n\000\040\000a\000n\000d\000\040\000E\000v\000a\000l\000u\000a\000t\000i\000o\000n}{}% 30
\BOOKMARK [0][-]{chapter.6}{\376\377\000R\000e\000f\000e\000r\000e\000n\000c\000e\000s}{}% 31
